<?xml version="1.0" encoding="UTF-8"?>
<!-- Generated by org.testng.reporters.JUnitReportReporter -->
<testsuite hostname="DESKTOP-O6DBGU6" name="com.test.AppTest" tests="1" failures="0" timestamp="6 Dec 2016 04:28:02 GMT" time="0.011" errors="0">
  <testcase name="SampleTest" time="0.011" classname="com.test.AppTest"/>
</testsuite> <!-- com.test.AppTest -->
